<?xml version="1.0" encoding="UTF-8"?>
<!-- Generated by org.testng.reporters.JUnitReportReporter -->
<testsuite skipped="0" hostname="DESKTOP-9HTBQ3T" name="com.zoom.qa.testcases.CarBookingUsingChrome" tests="1" failures="0" timestamp="10 Sep 2019 18:13:44 GMT" time="19.950" errors="0">
  <testcase name="verifyBalenoCarIsDisplayed" time="19.950" classname="com.zoom.qa.testcases.CarBookingUsingChrome"/>
</testsuite> <!-- com.zoom.qa.testcases.CarBookingUsingChrome -->
